********************************************************************************
DUPLICATOR-LITE PACKAGE-LOG: February 24, 2021 12:44 pm
NOTICE: Do NOT post to public sites or forums 
********************************************************************************
VERSION:	1.3.40.1
WORDPRESS:	5.6.1
PHP INFO:	7.4.15 | SAPI: apache2handler
SERVER:		Apache 
PHP TIME LIMIT: (0) no time limit imposed 
PHP MAX MEMORY: 4294967296 (512M default) 
MEMORY STACK: 4MB

********************************************************************************
DATABASE:
********************************************************************************
BUILD MODE:   MYSQLDUMP
MYSQLTIMEOUT: 5000
MYSQLDUMP:    Is Supported
[PHP ERR][NOTICE] MSG:Only variables should be passed by reference [CODE:8|FILE:C:\Bitnami\wordpress-5.6.1-1\apps\wordpress\htdocs\wp-content\plugins\duplicator\classes\package\class.pack.database.php|LINE:366]
do_action('wp_ajax_duplicator_package_build'), WP_Hook->do_action, WP_Hook->apply_filters, duplicator_package_build, DUP_Package->runZipBuild, DUP_Database->build, DUP_Database->mysqlDump, DUP_Handler::error, DUP_Handler::getMessage
SQL CREATED: 20210224_mgkconsulting_5919a7cd9269d1c25746_20210224124214_database.sql
SQL FILE SIZE: 524.72KB (537316)
SQL FILE TIME: 2021-02-24 12:44:50
SQL RUNTIME: 0.50 sec.

********************************************************************************
ARCHIVE (ZIP):
********************************************************************************
ARCHIVE DIR:  C:/Bitnami/wordpress-5.6.1-1/apps/wordpress/htdocs
ARCHIVE FILE: 20210224_mgkconsulting_5919a7cd9269d1c25746_20210224124214_archive.zip
FILTERS: *OFF*
DIRS:
	not set
FILES:
	not set
EXTS:  not set
----------------------------------------
COMPRESSING
SIZE:	110.61MB
STATS:	Dirs 1,111 | Files 6,695
SQL ADDED: 20210224_mgkconsulting_5919a7cd9269d1c25746_20210224124214_database.sql
ZipArchive Object
(
    [status] => 0
    [statusSys] => 0
    [numFiles] => 7806
    [filename] => C:\Bitnami\wordpress-5.6.1-1\apps\wordpress\htdocs\wp-content\backups-dup-lite\tmp\20210224_mgkconsulting_5919a7cd9269d1c25746_20210224124214_archive.zip
    [comment] => 
)

FILE ADDED TO ZIP: 7805
COMPRESSION RESULT: '1'
COMPRESSED SIZE: 37.88MB
ARCHIVE RUNTIME: 15.13 sec.
MEMORY STACK: 6MB
building installer
add_extra_files1
add_extra_files2
add_extra_files3
add_extra_files4
Doing archive file check
add_extra_files5
add_extra_files6
add_extra_files8
Successfully opened zip C:/Bitnami/wordpress-5.6.1-1/apps/wordpress/htdocs/wp-content/backups-dup-lite/tmp/20210224_mgkconsulting_5919a7cd9269d1c25746_20210224124214_archive.zip
Adding enhanced installer files to archive using ZipArchive
Installer files added to archive
Added to archive
After ziparchive close when adding installer

********************************************************************************
INTEGRITY CHECKS:
********************************************************************************
SQL FILE: 524.72KB
INSTALLER FILE: 61.29KB
ARCHIVE FILE: 39.41MB 
EXPECTED FILE/DIRECTORY COUNT: 7,806
ACTUAL FILE/DIRECTORY COUNT: 7,805
ARCHIVE CONSISTENCY TEST: Pass

********************************************************************************
RECORD ID:[1]
TOTAL PROCESS RUNTIME: 16.30 sec.
PEAK PHP MEMORY USED: 8MB
DONE PROCESSING => 20210224_mgkconsulting February 24, 2021 12:45 pm

